
> frontend@0.1.0 dev
> next dev

  ▲ Next.js 14.2.3
  - Local:        http://localhost:3000

 ✓ Starting...
Attention: Next.js now collects completely anonymous telemetry regarding usage.
This information is used to shape Next.js' roadmap and prioritize features.
You can learn more, including how to opt-out if you'd not like to participate in this anonymous program, by visiting the following URL:
https://nextjs.org/telemetry

 ✓ Ready in 2.1s
 ○ Compiling /middleware ...
 ✓ Compiled /middleware in 2.1s (464 modules)
 ⨯ Error: Your project's URL and Key are required to create a Supabase client!

Check your Supabase project's API settings to find these values

https://supabase.com/dashboard/project/_/settings/api
    at <unknown> (https://supabase.com/dashboard/project/_/settings/api)
    at createServerClient (webpack-internal:///(middleware)/./node_modules/@supabase/ssr/dist/index.mjs:243:11)
    at updateSession (webpack-internal:///(middleware)/./utils/supabase/middleware.ts:15:87)
    at Object.middleware [as handler] (webpack-internal:///(middleware)/./middleware.ts:9:85)
    at eval (webpack-internal:///(middleware)/./node_modules/next/dist/esm/server/web/adapter.js:202:31)
    at AsyncLocalStorage.run (node:internal/async_local_storage/async_hooks:91:14)
    at Object.wrap (webpack-internal:///(middleware)/./node_modules/next/dist/esm/server/async-storage/request-async-storage-wrapper.js:83:24)
    at eval (webpack-internal:///(middleware)/./node_modules/next/dist/esm/server/web/adapter.js:189:122)
    at eval (webpack-internal:///(middleware)/./node_modules/next/dist/esm/server/lib/trace/tracer.js:115:36)
    at NoopContextManager.with (webpack-internal:///(middleware)/./node_modules/next/dist/compiled/@opentelemetry/api/index.js:2:7062)
    at ContextAPI.with (webpack-internal:///(middleware)/./node_modules/next/dist/compiled/@opentelemetry/api/index.js:2:518)
 ○ Compiling /_error ...
 ✓ Compiled /_error in 2.3s (252 modules)
 GET /login 404 in 8ms
 ○ Compiling /_not-found ...
<w> [webpack.cache.PackFileCacheStrategy] Serializing big strings (133kiB) impacts deserialization performance (consider using Buffer instead and decode when needed)
 ⚠ Fast Refresh had to perform a full reload due to a runtime error.
 ⨯ Error: Your project's URL and Key are required to create a Supabase client!

Check your Supabase project's API settings to find these values

https://supabase.com/dashboard/project/_/settings/api
    at <unknown> (https://supabase.com/dashboard/project/_/settings/api)
    at createServerClient (webpack-internal:///(middleware)/./node_modules/@supabase/ssr/dist/index.mjs:243:11)
    at updateSession (webpack-internal:///(middleware)/./utils/supabase/middleware.ts:15:87)
    at Object.middleware [as handler] (webpack-internal:///(middleware)/./middleware.ts:9:85)
    at eval (webpack-internal:///(middleware)/./node_modules/next/dist/esm/server/web/adapter.js:202:31)
    at AsyncLocalStorage.run (node:internal/async_local_storage/async_hooks:91:14)
    at Object.wrap (webpack-internal:///(middleware)/./node_modules/next/dist/esm/server/async-storage/request-async-storage-wrapper.js:83:24)
    at eval (webpack-internal:///(middleware)/./node_modules/next/dist/esm/server/web/adapter.js:189:122)
    at eval (webpack-internal:///(middleware)/./node_modules/next/dist/esm/server/lib/trace/tracer.js:115:36)
    at NoopContextManager.with (webpack-internal:///(middleware)/./node_modules/next/dist/compiled/@opentelemetry/api/index.js:2:7062)
    at ContextAPI.with (webpack-internal:///(middleware)/./node_modules/next/dist/compiled/@opentelemetry/api/index.js:2:518)
 ✓ Compiled /_not-found in 26.5s (2619 modules)
   Reload env: .env.local
 ⨯ Error: Your project's URL and Key are required to create a Supabase client!

Check your Supabase project's API settings to find these values

https://supabase.com/dashboard/project/_/settings/api
    at <unknown> (https://supabase.com/dashboard/project/_/settings/api)
    at createServerClient (webpack-internal:///(middleware)/./node_modules/@supabase/ssr/dist/index.mjs:243:11)
    at updateSession (webpack-internal:///(middleware)/./utils/supabase/middleware.ts:15:87)
    at Object.middleware [as handler] (webpack-internal:///(middleware)/./middleware.ts:9:85)
    at eval (webpack-internal:///(middleware)/./node_modules/next/dist/esm/server/web/adapter.js:202:31)
    at AsyncLocalStorage.run (node:internal/async_local_storage/async_hooks:91:14)
    at Object.wrap (webpack-internal:///(middleware)/./node_modules/next/dist/esm/server/async-storage/request-async-storage-wrapper.js:83:24)
    at eval (webpack-internal:///(middleware)/./node_modules/next/dist/esm/server/web/adapter.js:189:122)
    at eval (webpack-internal:///(middleware)/./node_modules/next/dist/esm/server/lib/trace/tracer.js:115:36)
    at NoopContextManager.with (webpack-internal:///(middleware)/./node_modules/next/dist/compiled/@opentelemetry/api/index.js:2:7062)
    at ContextAPI.with (webpack-internal:///(middleware)/./node_modules/next/dist/compiled/@opentelemetry/api/index.js:2:518)
 ✓ Compiled in 13.1s (3083 modules)
 GET /login 404 in 2ms
<w> [webpack.cache.PackFileCacheStrategy] Serializing big strings (133kiB) impacts deserialization performance (consider using Buffer instead and decode when needed)
